<?xml version="1.0" encoding="utf-8"?><testsuites name="pytest tests"><testsuite name="pytest" errors="0" failures="0" skipped="0" tests="26" time="5.506" timestamp="2026-04-01T10:57:42.980139+00:00" hostname="agent-env-28036c53-05b0-497c-b47f-0be7efcb8f56"><testcase classname="backend.tests.test_bariatric_api.TestHealthAndRoot" name="test_api_root" time="0.224" /><testcase classname="backend.tests.test_bariatric_api.TestAuth" name="test_login_success" time="0.330" /><testcase classname="backend.tests.test_bariatric_api.TestAuth" name="test_login_invalid_credentials" time="0.327" /><testcase classname="backend.tests.test_bariatric_api.TestAuth" name="test_login_invalid_email" time="0.112" /><testcase classname="backend.tests.test_bariatric_api.TestAuth" name="test_auth_me_without_token" time="0.163" /><testcase classname="backend.tests.test_bariatric_api.TestAuth" name="test_auth_me_with_token" time="0.426" /><testcase classname="backend.tests.test_bariatric_api.TestTransformations" name="test_get_transformations" time="0.101" /><testcase classname="backend.tests.test_bariatric_api.TestTransformations" name="test_create_transformation_requires_auth" time="0.099" /><testcase classname="backend.tests.test_bariatric_api.TestTestimonials" name="test_get_testimonials" time="0.134" /><testcase classname="backend.tests.test_bariatric_api.TestVideoTestimonials" name="test_get_video_testimonials" time="0.098" /><testcase classname="backend.tests.test_bariatric_api.TestItinerary" name="test_get_itinerary" time="0.094" /><testcase classname="backend.tests.test_bariatric_api.TestSurgeon" name="test_get_surgeon" time="0.120" /><testcase classname="backend.tests.test_bariatric_api.TestSurgeon" name="test_save_surgeon_requires_auth" time="0.120" /><testcase classname="backend.tests.test_bariatric_api.TestHospital" name="test_get_hospital" time="0.101" /><testcase classname="backend.tests.test_bariatric_api.TestHospital" name="test_save_hospital_requires_auth" time="0.096" /><testcase classname="backend.tests.test_bariatric_api.TestBlog" name="test_get_blog_posts" time="0.102" /><testcase classname="backend.tests.test_bariatric_api.TestBlog" name="test_blog_post_has_seo_fields" time="0.103" /><testcase classname="backend.tests.test_bariatric_api.TestBlog" name="test_get_blog_post_by_slug" time="0.209" /><testcase classname="backend.tests.test_bariatric_api.TestBlog" name="test_get_blog_post_not_found" time="0.105" /><testcase classname="backend.tests.test_bariatric_api.TestBlog" name="test_get_published_only_blog_posts" time="0.108" /><testcase classname="backend.tests.test_bariatric_api.TestBlog" name="test_create_blog_requires_auth" time="0.096" /><testcase classname="backend.tests.test_bariatric_api.TestSitemap" name="test_sitemap_xml" time="0.106" /><testcase classname="backend.tests.test_bariatric_api.TestSitemap" name="test_sitemap_contains_blog_posts" time="0.107" /><testcase classname="backend.tests.test_bariatric_api.TestAuthenticatedCRUD" name="test_create_and_delete_transformation" time="0.532" /><testcase classname="backend.tests.test_bariatric_api.TestAuthenticatedCRUD" name="test_create_and_delete_testimonial" time="0.543" /><testcase classname="backend.tests.test_bariatric_api.TestAuthenticatedCRUD" name="test_create_and_delete_blog_post" time="0.740" /></testsuite></testsuites>