<?xml version="1.0" encoding="utf-8"?><testsuites name="pytest tests"><testsuite name="pytest" errors="0" failures="0" skipped="0" tests="35" time="7.422" timestamp="2026-04-01T11:58:33.259598+00:00" hostname="agent-env-28036c53-05b0-497c-b47f-0be7efcb8f56"><testcase classname="backend.tests.test_bariatric_api.TestHealthAndRoot" name="test_api_root" time="0.161" /><testcase classname="backend.tests.test_bariatric_api.TestAuth" name="test_login_success" time="0.327" /><testcase classname="backend.tests.test_bariatric_api.TestAuth" name="test_login_invalid_credentials" time="0.329" /><testcase classname="backend.tests.test_bariatric_api.TestAuth" name="test_login_invalid_email" time="0.102" /><testcase classname="backend.tests.test_bariatric_api.TestAuth" name="test_auth_me_without_token" time="0.105" /><testcase classname="backend.tests.test_bariatric_api.TestAuth" name="test_auth_me_with_token" time="0.453" /><testcase classname="backend.tests.test_bariatric_api.TestTransformations" name="test_get_transformations" time="0.107" /><testcase classname="backend.tests.test_bariatric_api.TestTransformations" name="test_create_transformation_requires_auth" time="0.097" /><testcase classname="backend.tests.test_bariatric_api.TestTestimonials" name="test_get_testimonials" time="0.106" /><testcase classname="backend.tests.test_bariatric_api.TestVideoTestimonials" name="test_get_video_testimonials" time="0.109" /><testcase classname="backend.tests.test_bariatric_api.TestItinerary" name="test_get_itinerary" time="0.100" /><testcase classname="backend.tests.test_bariatric_api.TestSurgeon" name="test_get_surgeon" time="0.105" /><testcase classname="backend.tests.test_bariatric_api.TestSurgeon" name="test_save_surgeon_requires_auth" time="0.098" /><testcase classname="backend.tests.test_bariatric_api.TestHospital" name="test_get_hospital" time="0.106" /><testcase classname="backend.tests.test_bariatric_api.TestHospital" name="test_save_hospital_requires_auth" time="0.107" /><testcase classname="backend.tests.test_bariatric_api.TestBlog" name="test_get_blog_posts" time="0.099" /><testcase classname="backend.tests.test_bariatric_api.TestBlog" name="test_blog_post_has_seo_fields" time="0.106" /><testcase classname="backend.tests.test_bariatric_api.TestBlog" name="test_get_blog_post_by_slug" time="0.211" /><testcase classname="backend.tests.test_bariatric_api.TestBlog" name="test_get_blog_post_not_found" time="0.124" /><testcase classname="backend.tests.test_bariatric_api.TestBlog" name="test_get_published_only_blog_posts" time="0.104" /><testcase classname="backend.tests.test_bariatric_api.TestBlog" name="test_create_blog_requires_auth" time="0.106" /><testcase classname="backend.tests.test_bariatric_api.TestSitemap" name="test_sitemap_xml" time="0.106" /><testcase classname="backend.tests.test_bariatric_api.TestSitemap" name="test_sitemap_contains_blog_posts" time="0.106" /><testcase classname="backend.tests.test_bariatric_api.TestAuthenticatedCRUD" name="test_create_and_delete_transformation" time="0.551" /><testcase classname="backend.tests.test_bariatric_api.TestAuthenticatedCRUD" name="test_create_and_delete_testimonial" time="0.551" /><testcase classname="backend.tests.test_bariatric_api.TestAuthenticatedCRUD" name="test_create_and_delete_blog_post" time="0.769" /><testcase classname="backend.tests.test_new_features.TestUploadEndpoint" name="test_upload_requires_auth" time="0.102" /><testcase classname="backend.tests.test_new_features.TestUploadEndpoint" name="test_upload_image_with_auth" time="0.542" /><testcase classname="backend.tests.test_new_features.TestUploadEndpoint" name="test_upload_rejects_invalid_file_type" time="0.427" /><testcase classname="backend.tests.test_new_features.TestUploadEndpoint" name="test_upload_accepts_video" time="0.449" /><testcase classname="backend.tests.test_new_features.TestStaticUploads" name="test_uploads_directory_exists" time="0.108" /><testcase classname="backend.tests.test_new_features.TestContentEndpoints" name="test_transformations_no_prices" time="0.128" /><testcase classname="backend.tests.test_new_features.TestContentEndpoints" name="test_blog_no_specific_prices" time="0.101" /><testcase classname="backend.tests.test_new_features.TestSiteSettings" name="test_get_settings" time="0.112" /><testcase classname="backend.tests.test_new_features.TestSitemapBlogSlugs" name="test_sitemap_has_correct_slugs" time="0.108" /></testsuite></testsuites>